<?xml version="1.0" encoding="UTF-8"?>
<testsuite name="commands.StockCommandTest" tests="11" skipped="0" failures="0" errors="0" timestamp="2020-03-30T14:41:58" hostname="LAPTOP-44LCAOD7" time="0.052">
  <properties/>
  <testcase name="parse_parseIngredientQuantity_quantityIsNotInteger()" classname="commands.StockCommandTest" time="0.002"/>
  <testcase name="parse_parseIngredientName_parseNormally()" classname="commands.StockCommandTest" time="0.007"/>
  <testcase name="parse_parseIngredientPrice_priceMissingDollarSign()" classname="commands.StockCommandTest" time="0.001"/>
  <testcase name="parse_parseIngredientQuantity_parseNormally()" classname="commands.StockCommandTest" time="0.001"/>
  <testcase name="parse_parseIngredientPrice_priceIsDouble()" classname="commands.StockCommandTest" time="0.001"/>
  <testcase name="parse_parseIngredientPrice_priceIsIntger()" classname="commands.StockCommandTest" time="0.001"/>
  <testcase name="parse_parseIngredientQuantity_quantityIsTypeDouble()" classname="commands.StockCommandTest" time="0.001"/>
  <testcase name="execute_executeStockCommand_throwsException()" classname="commands.StockCommandTest" time="0.003"/>
  <testcase name="parse_parseIngredientPrice_parseNormally()" classname="commands.StockCommandTest" time="0.013"/>
  <testcase name="parse_parseIngredientQuantity_quantityIsNegative()" classname="commands.StockCommandTest" time="0.001"/>
  <testcase name="parse_parseIngredientPrice_priceIsNegative()" classname="commands.StockCommandTest" time="0.002"/>
  <system-out><![CDATA[]]></system-out>
  <system-err><![CDATA[]]></system-err>
</testsuite>
