<?xml version="1.0" encoding="UTF-8"?>
<testsuite name="commands.AddStockCommandTest" tests="13" skipped="0" failures="0" errors="0" timestamp="2020-04-05T15:28:10" hostname="DESKTOP-FPGAEA4" time="0.02">
  <properties/>
  <testcase name="parse_ParseUserInputIntoAddIngredientsArgs_missingQuantityTag()" classname="commands.AddStockCommandTest" time="0.001"/>
  <testcase name="parse_ParseUserInputIntoAddIngredientsArgs_missingIngredientNameAndPrice()" classname="commands.AddStockCommandTest" time="0.001"/>
  <testcase name="construct_AddStockCommand_constructNormally()" classname="commands.AddStockCommandTest" time="0.003"/>
  <testcase name="parse_ParseUserInputIntoAddIngredientsArgs_missingIngredientQuantityAndPrice()" classname="commands.AddStockCommandTest" time="0.0"/>
  <testcase name="parse_ParseUserInputIntoAddIngredientsArgs_missingIngredientQuantityOnly()" classname="commands.AddStockCommandTest" time="0.001"/>
  <testcase name="parse_ParseUserInputIntoAddIngredientsArgs_missingIngredientNameOnly()" classname="commands.AddStockCommandTest" time="0.0"/>
  <testcase name="getIngredient_GetIngredientInAddCommand_getNormally()" classname="commands.AddStockCommandTest" time="0.0"/>
  <testcase name="parse_ParseUserInputIntoAddIngredientsArgs_missingIngredientPriceOnly()" classname="commands.AddStockCommandTest" time="0.001"/>
  <testcase name="parse_ParseUserInputIntoAddIngredientsArgs_missingAllTags()" classname="commands.AddStockCommandTest" time="0.0"/>
  <testcase name="parse_ParseUserInputIntoAddIngredientsArgs_missingPriceTag()" classname="commands.AddStockCommandTest" time="0.0"/>
  <testcase name="parse_ParseUserInputIntoAddIngredientsArgs_missingIngredientNameAndQuantity()" classname="commands.AddStockCommandTest" time="0.001"/>
  <testcase name="execute_ExecuteAddStockCommand_executeNormally()" classname="commands.AddStockCommandTest" time="0.008"/>
  <testcase name="parse_ParseUserInputIntoAddIngredientsArgs_missingIngredientTag()" classname="commands.AddStockCommandTest" time="0.0"/>
  <system-out><![CDATA[]]></system-out>
  <system-err><![CDATA[]]></system-err>
</testsuite>
