<?xml version="1.0" encoding="UTF-8"?>
<testsuite name="reservation.ReservationTest" tests="1" skipped="0" failures="0" errors="0" timestamp="2020-04-09T23:21:19" hostname="Ganeshs-MacBook-Pro.local" time="0.02">
  <properties/>
  <testcase name="testGetterandSetter_normalInput_success()" classname="reservation.ReservationTest" time="0.02"/>
  <system-out><![CDATA[]]></system-out>
  <system-err><![CDATA[]]></system-err>
</testsuite>
