<?xml version="1.0" encoding="UTF-8"?>
<testsuite name="commands.VoidReservationCommandTest" tests="4" skipped="0" failures="0" errors="0" timestamp="2020-04-09T19:28:59" hostname="Ganeshs-MacBook-Pro.local" time="0.005">
  <properties/>
  <testcase name="parseInput_inputMissingVoidReservationCommand_exceptionThrown()" classname="commands.VoidReservationCommandTest" time="0.001"/>
  <testcase name="parseInput_invalidReservationNumberVoidReservationCommand_exceptionThrown()" classname="commands.VoidReservationCommandTest" time="0.001"/>
  <testcase name="parseInput_delimiterMissingVoidReservationCommand_exceptionThrown()" classname="commands.VoidReservationCommandTest" time="0.001"/>
  <testcase name="execute_normalVoidReservationCommand_success()" classname="commands.VoidReservationCommandTest" time="0.0"/>
  <system-out><![CDATA[Reservation[1] has been added into the list
Reservation[1] has been added into the list
Reservation[1] has been added into the list
Reservation[1] has been added into the list
Successfully void Reservation[1]
]]></system-out>
  <system-err><![CDATA[Apr 09, 2020 3:28:59 PM reservation.ReservationList addReservation
INFO: Add Reservation[1] to the list.
Apr 09, 2020 3:28:59 PM reservation.ReservationList addReservation
INFO: Add Reservation[1] to the list.
Apr 09, 2020 3:28:59 PM reservation.ReservationList addReservation
INFO: Add Reservation[1] to the list.
Apr 09, 2020 3:28:59 PM reservation.ReservationList addReservation
INFO: Add Reservation[1] to the list.
Apr 09, 2020 3:28:59 PM reservation.ReservationList voidReservation
INFO: Void Reservation[1] as Invalid.
]]></system-err>
</testsuite>
