<?xml version="1.0" encoding="UTF-8"?>
<testsuite name="ingredient.IngredientTest" tests="6" skipped="0" failures="0" errors="0" timestamp="2020-03-30T14:41:58" hostname="LAPTOP-44LCAOD7" time="0.025">
  <properties/>
  <testcase name="print_IngredientToString_toStringIsIngredientName()" classname="ingredient.IngredientTest" time="0.001"/>
  <testcase name="getName_GetIngredientNameNameOfIngredient()" classname="ingredient.IngredientTest" time="0.001"/>
  <testcase name="test_IsQuantitySpecified_TrueWhenQuantitySpecified()" classname="ingredient.IngredientTest" time="0.001"/>
  <testcase name="getPrice_GetIngredientPrice_PriceOfIngredient()" classname="ingredient.IngredientTest" time="0.001"/>
  <testcase name="getQuantity_GetIngredientQuantity_QuantityOfIngredient()" classname="ingredient.IngredientTest" time="0.002"/>
  <testcase name="test_Equals_TrueIfIngredientsHaveSameName()" classname="ingredient.IngredientTest" time="0.002"/>
  <system-out><![CDATA[]]></system-out>
  <system-err><![CDATA[]]></system-err>
</testsuite>
