<?xml version="1.0" encoding="UTF-8"?>
<testsuite name="commands.MarkReservationCommandTest" tests="4" skipped="0" failures="0" errors="0" timestamp="2020-03-30T14:41:58" hostname="LAPTOP-44LCAOD7" time="0.009">
  <properties/>
  <testcase name="parseInput_delimiterMissingMarkReservationCommand_exceptionThrown()" classname="commands.MarkReservationCommandTest" time="0.001"/>
  <testcase name="parseInput_inputMissingMarkReservationCommand_exceptionThrown()" classname="commands.MarkReservationCommandTest" time="0.001"/>
  <testcase name="parseInput_invalidReservationNumberMarkReservationCommand_exceptionThrown()" classname="commands.MarkReservationCommandTest" time="0.001"/>
  <testcase name="execute_normalMarkReservationCommand_success()" classname="commands.MarkReservationCommandTest" time="0.001"/>
  <system-out><![CDATA[Reservation[0] has been added into the list
Reservation[0] has been added into the list
Reservation[0] has been added into the list
Please enter a valid positive integer.
Reservation[0] has been added into the list
Successfully mark Reservation[0] as served.
]]></system-out>
  <system-err><![CDATA[]]></system-err>
</testsuite>
