<?xml version="1.0" encoding="UTF-8"?>
<testsuite name="commands.ListStockCommandTest" tests="1" skipped="0" failures="0" errors="0" timestamp="2020-04-05T15:28:10" hostname="DESKTOP-FPGAEA4" time="0.028">
  <properties/>
  <testcase name="execute_executeListCommand_executeNormally()" classname="commands.ListStockCommandTest" time="0.028"/>
  <system-out><![CDATA[]]></system-out>
  <system-err><![CDATA[]]></system-err>
</testsuite>
