<?xml version="1.0" encoding="UTF-8"?>
<testsuite name="commands.VoidReservationCommandTest" tests="4" skipped="0" failures="0" errors="0" timestamp="2020-04-05T15:28:10" hostname="DESKTOP-FPGAEA4" time="0.01">
  <properties/>
  <testcase name="parseInput_inputMissingVoidReservationCommand_exceptionThrown()" classname="commands.VoidReservationCommandTest" time="0.001"/>
  <testcase name="parseInput_invalidReservationNumberVoidReservationCommand_exceptionThrown()" classname="commands.VoidReservationCommandTest" time="0.0"/>
  <testcase name="parseInput_delimiterMissingVoidReservationCommand_exceptionThrown()" classname="commands.VoidReservationCommandTest" time="0.002"/>
  <testcase name="execute_normalVoidReservationCommand_success()" classname="commands.VoidReservationCommandTest" time="0.001"/>
  <system-out><![CDATA[Reservation[1] has been added into the list
Reservation[1] has been added into the list
Reservation[1] has been added into the list
Reservation[1] has been added into the list
Successfully void Reservation[1]
]]></system-out>
  <system-err><![CDATA[]]></system-err>
</testsuite>
