<?xml version="1.0" encoding="UTF-8"?>
<testsuite name="stock.StockTest" tests="10" skipped="0" failures="0" errors="0" timestamp="2020-04-07T02:47:19" hostname="Ganeshs-MacBook-Pro.local" time="0.029">
  <properties/>
  <testcase name="print_printStockWhenIngredientQuantityIsZero_SerialIndexUnchanged()" classname="stock.StockTest" time="0.018"/>
  <testcase name="addIngredient_AddIngredientWithQuantitySupplied_addNormally()" classname="stock.StockTest" time="0.001"/>
  <testcase name="deleteIngredient_DeleteIngredientWithoutQuantity_deleteNormally()" classname="stock.StockTest" time="0.0"/>
  <testcase name="deleteIngredient_DeleteIngredientWithQuantity_deleteNormally()" classname="stock.StockTest" time="0.0"/>
  <testcase name="addIngredient_AddIngredientWithQuantitySupplied_sumQuantity()" classname="stock.StockTest" time="0.001"/>
  <testcase name="print_printStockWhenIngredientRemoved_SerialIndexReorder()" classname="stock.StockTest" time="0.005"/>
  <testcase name="testAdd_CompareAgainstStockCopy_TrueIfSameContent()" classname="stock.StockTest" time="0.001"/>
  <testcase name="deleteIngredient_DeleteIngredientNotInStock_deleteNormally()" classname="stock.StockTest" time="0.0"/>
  <testcase name="testDelete_CompareAgainstStockCopy_TrueIfSameContent()" classname="stock.StockTest" time="0.0"/>
  <testcase name="list_ListIngredient_ListInSameOrder()" classname="stock.StockTest" time="0.001"/>
  <system-out><![CDATA[]]></system-out>
  <system-err><![CDATA[]]></system-err>
</testsuite>
