<?xml version="1.0" encoding="UTF-8"?>
<testsuite name="commands.DeleteDishCommandTest" tests="2" skipped="0" failures="0" errors="0" timestamp="2020-04-07T02:38:20" hostname="Ganeshs-MacBook-Pro.local" time="0.004">
  <properties/>
  <testcase name="deleteDishTestA()" classname="commands.DeleteDishCommandTest" time="0.002"/>
  <testcase name="deleteDishTestB()" classname="commands.DeleteDishCommandTest" time="0.001"/>
  <system-out><![CDATA[Dish bacon pizza successfully added.
Dish chicken biryani successfully added.
Dish bacon pizza successfully remove!
Dish bacon pizza successfully added.
Dish chicken biryani successfully added.
Dish bacon pizza successfully remove!
Dish chicken biryani successfully remove!
]]></system-out>
  <system-err><![CDATA[]]></system-err>
</testsuite>
