<?xml version="1.0" encoding="UTF-8"?>
<testsuite name="commands.SearchDishCommandTest" tests="4" skipped="0" failures="0" errors="0" timestamp="2020-03-30T14:41:58" hostname="LAPTOP-44LCAOD7" time="0.052">
  <properties/>
  <testcase name="searchDishTestA()" classname="commands.SearchDishCommandTest" time="0.037"/>
  <testcase name="searchDishTestB()" classname="commands.SearchDishCommandTest" time="0.005"/>
  <testcase name="searchDishTestC()" classname="commands.SearchDishCommandTest" time="0.002"/>
  <testcase name="searchDishTestD()" classname="commands.SearchDishCommandTest" time="0.003"/>
  <system-out><![CDATA[Here are the dishes that match your keyword:
Name: chicken biryani; Ingredients: chicken, rice, chili; Price: $10.0;
Name: pasta with chicken; Ingredients: chicken, pasta, sauce; Price: $7.0;
Here are the dishes that match your keyword:
Name: bacon pizza; Ingredients: cheese, bacon; Price: $5.0;
Name: bacon flatbread; Ingredients: flatbread, bacon, cheese; Price: $3.0;
Here are the dishes that match your keyword:
Name: bacon pizza; Ingredients: cheese, bacon; Price: $5.0;
Name: bacon flatbread; Ingredients: flatbread, bacon, cheese; Price: $3.0;
Here are the dishes that match your keyword:
Here are the dishes that match your keyword:
Name: bacon pizza; Ingredients: cheese, bacon; Price: $5.0;
]]></system-out>
  <system-err><![CDATA[]]></system-err>
</testsuite>
