<?xml version="1.0" encoding="UTF-8"?>
<testsuite name="commands.DeleteDishCommandTest" tests="2" skipped="0" failures="0" errors="0" timestamp="2020-04-05T15:28:10" hostname="DESKTOP-FPGAEA4" time="0.002">
  <properties/>
  <testcase name="deleteDishTestA()" classname="commands.DeleteDishCommandTest" time="0.002"/>
  <testcase name="deleteDishTestB()" classname="commands.DeleteDishCommandTest" time="0.0"/>
  <system-out><![CDATA[]]></system-out>
  <system-err><![CDATA[]]></system-err>
</testsuite>
