<?xml version="1.0" encoding="UTF-8"?>
<testsuite name="commands.ListStockCommandTest" tests="1" skipped="0" failures="0" errors="0" timestamp="2020-03-30T14:41:58" hostname="LAPTOP-44LCAOD7" time="0.133">
  <properties/>
  <testcase name="execute_executeListCommand_executeNormally()" classname="commands.ListStockCommandTest" time="0.133"/>
  <system-out><![CDATA[]]></system-out>
  <system-err><![CDATA[]]></system-err>
</testsuite>
