<?xml version="1.0" encoding="UTF-8"?>
<testsuite name="commands.VoidReservationCommandTest" tests="4" skipped="0" failures="0" errors="0" timestamp="2020-03-30T14:41:58" hostname="LAPTOP-44LCAOD7" time="0.052">
  <properties/>
  <testcase name="parseInput_inputMissingVoidReservationCommand_exceptionThrown()" classname="commands.VoidReservationCommandTest" time="0.004"/>
  <testcase name="parseInput_invalidReservationNumberVoidReservationCommand_exceptionThrown()" classname="commands.VoidReservationCommandTest" time="0.002"/>
  <testcase name="parseInput_delimiterMissingVoidReservationCommand_exceptionThrown()" classname="commands.VoidReservationCommandTest" time="0.002"/>
  <testcase name="execute_normalVoidReservationCommand_success()" classname="commands.VoidReservationCommandTest" time="0.025"/>
  <system-out><![CDATA[Reservation[0] has been added into the list
Reservation[0] has been added into the list
Please enter a valid positive integer.
Reservation[0] has been added into the list
Reservation[0] has been added into the list
Successfully void Reservation[0]
]]></system-out>
  <system-err><![CDATA[]]></system-err>
</testsuite>
