<?xml version="1.0" encoding="UTF-8"?>
<testsuite name="commands.MarkReservationCommandTest" tests="4" skipped="0" failures="0" errors="0" timestamp="2020-04-05T15:28:10" hostname="DESKTOP-FPGAEA4" time="0.007">
  <properties/>
  <testcase name="parseInput_delimiterMissingMarkReservationCommand_exceptionThrown()" classname="commands.MarkReservationCommandTest" time="0.001"/>
  <testcase name="parseInput_inputMissingMarkReservationCommand_exceptionThrown()" classname="commands.MarkReservationCommandTest" time="0.001"/>
  <testcase name="parseInput_invalidReservationNumberMarkReservationCommand_exceptionThrown()" classname="commands.MarkReservationCommandTest" time="0.001"/>
  <testcase name="execute_normalMarkReservationCommand_success()" classname="commands.MarkReservationCommandTest" time="0.001"/>
  <system-out><![CDATA[Reservation[1] has been added into the list
Reservation[1] has been added into the list
Reservation[1] has been added into the list
Reservation[1] has been added into the list
Successfully mark Reservation[1] as served.
]]></system-out>
  <system-err><![CDATA[]]></system-err>
</testsuite>
