<?xml version="1.0" encoding="UTF-8"?>
<testsuite name="commands.AddDishCommandTest" tests="8" skipped="0" failures="0" errors="0" timestamp="2020-04-05T15:28:10" hostname="DESKTOP-FPGAEA4" time="0.026">
  <properties/>
  <testcase name="parseNameTestA()" classname="commands.AddDishCommandTest" time="0.019"/>
  <testcase name="parseNameTestB()" classname="commands.AddDishCommandTest" time="0.001"/>
  <testcase name="addDishTestA()" classname="commands.AddDishCommandTest" time="0.002"/>
  <testcase name="addDishTestB()" classname="commands.AddDishCommandTest" time="0.001"/>
  <testcase name="parseIngredientsTestA()" classname="commands.AddDishCommandTest" time="0.0"/>
  <testcase name="parseIngredientsTestB()" classname="commands.AddDishCommandTest" time="0.0"/>
  <testcase name="parsePriceTestA()" classname="commands.AddDishCommandTest" time="0.001"/>
  <testcase name="parsePriceTestB()" classname="commands.AddDishCommandTest" time="0.001"/>
  <system-out><![CDATA[]]></system-out>
  <system-err><![CDATA[]]></system-err>
</testsuite>
