<?xml version="1.0" encoding="UTF-8"?>
<testsuite name="reservation.ReservationListTest" tests="5" skipped="0" failures="0" errors="0" timestamp="2020-03-30T14:41:58" hostname="LAPTOP-44LCAOD7" time="0.019">
  <properties/>
  <testcase name="addReservation_normalInput_success()" classname="reservation.ReservationListTest" time="0.002"/>
  <testcase name="getSize_normalInput_success()" classname="reservation.ReservationListTest" time="0.001"/>
  <testcase name="markReservationAsServed_normalInput_success()" classname="reservation.ReservationListTest" time="0.004"/>
  <testcase name="voidReservation_normalInput_success()" classname="reservation.ReservationListTest" time="0.001"/>
  <testcase name="markReservationAsServed_invalidReservation_exceptionThrown()" classname="reservation.ReservationListTest" time="0.003"/>
  <system-out><![CDATA[Reservation[0] is invalid, so it cannot be marked as served.
]]></system-out>
  <system-err><![CDATA[]]></system-err>
</testsuite>
