<?xml version="1.0" encoding="UTF-8"?>
<testsuite name="utils.PairTest" tests="3" skipped="0" failures="0" errors="0" timestamp="2020-03-30T14:41:58" hostname="LAPTOP-44LCAOD7" time="0.003">
  <properties/>
  <testcase name="test_pairOfMethod_constructNormally()" classname="utils.PairTest" time="0.001"/>
  <testcase name="test_equals_TrueIfBothPairsHaveSameFirstAndSecondValue()" classname="utils.PairTest" time="0.0"/>
  <testcase name="test_equals_TrueIfBothPairsHaveSameTypings()" classname="utils.PairTest" time="0.001"/>
  <system-out><![CDATA[]]></system-out>
  <system-err><![CDATA[]]></system-err>
</testsuite>
